app/build/intermediates/manifest_merge_blame_file/release/manifest-merger-blame-release-report.txt
1<?xml version="1.0" encoding="utf-8"?>
2<manifest xmlns:android="http://schemas.android.com/apk/res/android"
3    package="com.ignatiusalbert.kerangajaibmaster"
4    android:versionCode="6"
5    android:versionName="6.0" >
6
7    <uses-sdk
8        android:minSdkVersion="16"
8-->src\main\AndroidManifest.xml
9        android:targetSdkVersion="28" />
9-->src\main\AndroidManifest.xml
10
11    <uses-permission android:name="android.permission.RECORD_AUDIO" />
11-->src\main\AndroidManifest.xml:5:5-71
11-->src\main\AndroidManifest.xml:5:22-68
12    <uses-permission android:name="android.permission.ACCESS_NETWORK_STATE" />
12-->src\main\AndroidManifest.xml:6:5-79
12-->src\main\AndroidManifest.xml:6:22-76
13    <uses-permission android:name="android.permission.INTERNET" />
13-->src\main\AndroidManifest.xml:7:5-67
13-->src\main\AndroidManifest.xml:7:22-64
14    <uses-permission android:name="android.permission.ACCESS_WIFI_STATE" />
14-->src\main\AndroidManifest.xml:8:5-76
14-->src\main\AndroidManifest.xml:8:22-73
15    <uses-permission android:name="android.permission.WAKE_LOCK" /> <!-- Required by older versions of Google Play services to create IID tokens -->
15-->[com.google.android.gms:play-services-measurement-api:17.2.1] AndroidManifest.xml:24:5-68
15-->[com.google.android.gms:play-services-measurement-api:17.2.1] AndroidManifest.xml:24:22-65
16    <uses-permission android:name="com.google.android.c2dm.permission.RECEIVE" />
16-->[com.google.firebase:firebase-iid:20.0.0] AndroidManifest.xml:26:5-82
16-->[com.google.firebase:firebase-iid:20.0.0] AndroidManifest.xml:26:22-79
17    <uses-permission android:name="com.google.android.finsky.permission.BIND_GET_INSTALL_REFERRER_SERVICE" />
17-->[com.google.android.gms:play-services-measurement:17.2.1] AndroidManifest.xml:26:5-110
17-->[com.google.android.gms:play-services-measurement:17.2.1] AndroidManifest.xml:26:22-107
18
19    <application
19-->src\main\AndroidManifest.xml:10:5-40:19
20        android:allowBackup="true"
20-->src\main\AndroidManifest.xml:11:9-35
21        android:appComponentFactory="androidx.core.app.CoreComponentFactory"
21-->[androidx.core:core:1.0.1] AndroidManifest.xml:22:18-86
22        android:icon="@mipmap/ic_launcher"
22-->src\main\AndroidManifest.xml:12:9-43
23        android:label="@string/app_name"
23-->src\main\AndroidManifest.xml:13:9-41
24        android:theme="@style/AppTheme" >
24-->src\main\AndroidManifest.xml:14:9-40
25
26        <!-- Sample AdMob App ID: ca-app-pub-3940256099942544~3347511713 -->
27        <meta-data
27-->src\main\AndroidManifest.xml:16:9-18:70
28            android:name="com.google.android.gms.ads.APPLICATION_ID"
28-->src\main\AndroidManifest.xml:17:13-69
29            android:value="ca-app-pub-8518045709893935~8364163881" />
29-->src\main\AndroidManifest.xml:18:13-67
30        <meta-data
30-->src\main\AndroidManifest.xml:19:9-21:66
31            android:name="com.google.firebase.messaging.default_notification_icon"
31-->src\main\AndroidManifest.xml:20:13-83
32            android:resource="@mipmap/ic_stat_ic_notification" />
32-->src\main\AndroidManifest.xml:21:13-63
33        <meta-data
33-->src\main\AndroidManifest.xml:22:9-24:71
34            android:name="com.google.firebase.messaging.default_notification_channel_id"
34-->src\main\AndroidManifest.xml:23:13-89
35            android:value="@string/default_notification_channel_id" />
35-->src\main\AndroidManifest.xml:24:13-68
36
37        <activity
37-->src\main\AndroidManifest.xml:25:9-32:20
38            android:name="com.ignatiusalbert.kerangajaibmaster.MyActivity"
38-->src\main\AndroidManifest.xml:26:13-75
39            android:label="@string/app_name" >
39-->src\main\AndroidManifest.xml:27:13-45
40            <intent-filter>
40-->src\main\AndroidManifest.xml:28:13-31:29
41                <action android:name="android.intent.action.MAIN" />
41-->src\main\AndroidManifest.xml:29:17-69
41-->src\main\AndroidManifest.xml:29:25-66
42
43                <category android:name="android.intent.category.LAUNCHER" />
43-->src\main\AndroidManifest.xml:30:17-77
43-->src\main\AndroidManifest.xml:30:27-74
44            </intent-filter>
45        </activity>
46
47        <service
47-->src\main\AndroidManifest.xml:33:9-39:19
48            android:name="com.ignatiusalbert.kerangajaibmaster.MyFirebaseMessagingService"
48-->src\main\AndroidManifest.xml:34:13-91
49            android:exported="false" >
49-->src\main\AndroidManifest.xml:35:13-37
50            <intent-filter>
50-->src\main\AndroidManifest.xml:36:13-38:29
51                <action android:name="com.google.firebase.MESSAGING_EVENT" />
51-->src\main\AndroidManifest.xml:37:17-78
51-->src\main\AndroidManifest.xml:37:25-75
52            </intent-filter>
53        </service>
54        <!--
55             FirebaseMessagingService performs security checks at runtime,
56             but set to not exported to explicitly avoid allowing another app to call it.
57        -->
58        <service
58-->[com.google.firebase:firebase-messaging:20.0.0] AndroidManifest.xml:28:9-34:19
59            android:name="com.google.firebase.messaging.FirebaseMessagingService"
59-->[com.google.firebase:firebase-messaging:20.0.0] AndroidManifest.xml:29:13-82
60            android:exported="false" >
60-->[com.google.firebase:firebase-messaging:20.0.0] AndroidManifest.xml:30:13-37
61            <intent-filter android:priority="-500" >
61-->src\main\AndroidManifest.xml:36:13-38:29
62                <action android:name="com.google.firebase.MESSAGING_EVENT" />
62-->src\main\AndroidManifest.xml:37:17-78
62-->src\main\AndroidManifest.xml:37:25-75
63            </intent-filter>
64        </service>
65        <service
65-->[com.google.android.gms:play-services-measurement-api:17.2.1] AndroidManifest.xml:27:9-33:19
66            android:name="com.google.firebase.components.ComponentDiscoveryService"
66-->[com.google.android.gms:play-services-measurement-api:17.2.1] AndroidManifest.xml:28:13-84
67            android:directBootAware="true"
67-->[com.google.firebase:firebase-common:19.2.0] AndroidManifest.xml:15:13-43
68            android:exported="false" >
68-->[com.google.android.gms:play-services-measurement-api:17.2.1] AndroidManifest.xml:29:13-37
69            <meta-data
69-->[com.google.android.gms:play-services-measurement-api:17.2.1] AndroidManifest.xml:30:13-32:85
70                android:name="com.google.firebase.components:com.google.firebase.analytics.connector.internal.AnalyticsConnectorRegistrar"
70-->[com.google.android.gms:play-services-measurement-api:17.2.1] AndroidManifest.xml:31:17-139
71                android:value="com.google.firebase.components.ComponentRegistrar" />
71-->[com.google.android.gms:play-services-measurement-api:17.2.1] AndroidManifest.xml:32:17-82
72            <meta-data
72-->[com.google.firebase:firebase-iid:20.0.0] AndroidManifest.xml:32:13-34:85
73                android:name="com.google.firebase.components:com.google.firebase.iid.Registrar"
73-->[com.google.firebase:firebase-iid:20.0.0] AndroidManifest.xml:33:17-96
74                android:value="com.google.firebase.components.ComponentRegistrar" />
74-->[com.google.firebase:firebase-iid:20.0.0] AndroidManifest.xml:34:17-82
75            <meta-data
75-->[com.google.firebase:firebase-database:19.2.0] AndroidManifest.xml:32:13-34:85
76                android:name="com.google.firebase.components:com.google.firebase.database.DatabaseRegistrar"
76-->[com.google.firebase:firebase-database:19.2.0] AndroidManifest.xml:33:17-109
77                android:value="com.google.firebase.components.ComponentRegistrar" />
77-->[com.google.firebase:firebase-database:19.2.0] AndroidManifest.xml:34:17-82
78        </service>
79
80        <receiver
80-->[com.google.firebase:firebase-iid:20.0.0] AndroidManifest.xml:37:9-44:20
81            android:name="com.google.firebase.iid.FirebaseInstanceIdReceiver"
81-->[com.google.firebase:firebase-iid:20.0.0] AndroidManifest.xml:38:13-78
82            android:exported="true"
82-->[com.google.firebase:firebase-iid:20.0.0] AndroidManifest.xml:39:13-36
83            android:permission="com.google.android.c2dm.permission.SEND" >
83-->[com.google.firebase:firebase-iid:20.0.0] AndroidManifest.xml:40:13-73
84            <intent-filter>
84-->[com.google.firebase:firebase-iid:20.0.0] AndroidManifest.xml:41:13-43:29
85                <action android:name="com.google.android.c2dm.intent.RECEIVE" />
85-->[com.google.firebase:firebase-iid:20.0.0] AndroidManifest.xml:42:17-81
85-->[com.google.firebase:firebase-iid:20.0.0] AndroidManifest.xml:42:25-78
86            </intent-filter>
87        </receiver> <!-- Include the AdActivity and InAppPurchaseActivity configChanges and themes. -->
88        <activity
88-->[com.google.android.gms:play-services-ads-lite:18.2.0] AndroidManifest.xml:29:9-33:64
89            android:name="com.google.android.gms.ads.AdActivity"
89-->[com.google.android.gms:play-services-ads-lite:18.2.0] AndroidManifest.xml:30:13-65
90            android:configChanges="keyboard|keyboardHidden|orientation|screenLayout|uiMode|screenSize|smallestScreenSize"
90-->[com.google.android.gms:play-services-ads-lite:18.2.0] AndroidManifest.xml:31:13-122
91            android:exported="false"
91-->[com.google.android.gms:play-services-ads-lite:18.2.0] AndroidManifest.xml:32:13-37
92            android:theme="@android:style/Theme.Translucent" />
92-->[com.google.android.gms:play-services-ads-lite:18.2.0] AndroidManifest.xml:33:13-61
93
94        <provider
94-->[com.google.android.gms:play-services-ads-lite:18.2.0] AndroidManifest.xml:35:9-39:39
95            android:name="com.google.android.gms.ads.MobileAdsInitProvider"
95-->[com.google.android.gms:play-services-ads-lite:18.2.0] AndroidManifest.xml:36:13-76
96            android:authorities="com.ignatiusalbert.kerangajaibmaster.mobileadsinitprovider"
96-->[com.google.android.gms:play-services-ads-lite:18.2.0] AndroidManifest.xml:37:13-73
97            android:exported="false"
97-->[com.google.android.gms:play-services-ads-lite:18.2.0] AndroidManifest.xml:38:13-37
98            android:initOrder="100" />
98-->[com.google.android.gms:play-services-ads-lite:18.2.0] AndroidManifest.xml:39:13-36
99
100        <receiver
100-->[com.google.android.gms:play-services-measurement:17.2.1] AndroidManifest.xml:29:9-33:20
101            android:name="com.google.android.gms.measurement.AppMeasurementReceiver"
101-->[com.google.android.gms:play-services-measurement:17.2.1] AndroidManifest.xml:30:13-85
102            android:enabled="true"
102-->[com.google.android.gms:play-services-measurement:17.2.1] AndroidManifest.xml:31:13-35
103            android:exported="false" >
103-->[com.google.android.gms:play-services-measurement:17.2.1] AndroidManifest.xml:32:13-37
104        </receiver>
105        <receiver
105-->[com.google.android.gms:play-services-measurement:17.2.1] AndroidManifest.xml:34:9-42:20
106            android:name="com.google.android.gms.measurement.AppMeasurementInstallReferrerReceiver"
106-->[com.google.android.gms:play-services-measurement:17.2.1] AndroidManifest.xml:35:13-100
107            android:enabled="true"
107-->[com.google.android.gms:play-services-measurement:17.2.1] AndroidManifest.xml:36:13-35
108            android:exported="true"
108-->[com.google.android.gms:play-services-measurement:17.2.1] AndroidManifest.xml:37:13-36
109            android:permission="android.permission.INSTALL_PACKAGES" >
109-->[com.google.android.gms:play-services-measurement:17.2.1] AndroidManifest.xml:38:13-69
110            <intent-filter>
110-->[com.google.android.gms:play-services-measurement:17.2.1] AndroidManifest.xml:39:13-41:29
111                <action android:name="com.android.vending.INSTALL_REFERRER" />
111-->[com.google.android.gms:play-services-measurement:17.2.1] AndroidManifest.xml:40:17-79
111-->[com.google.android.gms:play-services-measurement:17.2.1] AndroidManifest.xml:40:25-76
112            </intent-filter>
113        </receiver>
114
115        <service
115-->[com.google.android.gms:play-services-measurement:17.2.1] AndroidManifest.xml:44:9-47:40
116            android:name="com.google.android.gms.measurement.AppMeasurementService"
116-->[com.google.android.gms:play-services-measurement:17.2.1] AndroidManifest.xml:45:13-84
117            android:enabled="true"
117-->[com.google.android.gms:play-services-measurement:17.2.1] AndroidManifest.xml:46:13-35
118            android:exported="false" />
118-->[com.google.android.gms:play-services-measurement:17.2.1] AndroidManifest.xml:47:13-37
119        <service
119-->[com.google.android.gms:play-services-measurement:17.2.1] AndroidManifest.xml:48:9-52:72
120            android:name="com.google.android.gms.measurement.AppMeasurementJobService"
120-->[com.google.android.gms:play-services-measurement:17.2.1] AndroidManifest.xml:49:13-87
121            android:enabled="true"
121-->[com.google.android.gms:play-services-measurement:17.2.1] AndroidManifest.xml:50:13-35
122            android:exported="false"
122-->[com.google.android.gms:play-services-measurement:17.2.1] AndroidManifest.xml:51:13-37
123            android:permission="android.permission.BIND_JOB_SERVICE" />
123-->[com.google.android.gms:play-services-measurement:17.2.1] AndroidManifest.xml:52:13-69
124
125        <provider
125-->[com.google.firebase:firebase-common:19.2.0] AndroidManifest.xml:19:9-23:39
126            android:name="com.google.firebase.provider.FirebaseInitProvider"
126-->[com.google.firebase:firebase-common:19.2.0] AndroidManifest.xml:20:13-77
127            android:authorities="com.ignatiusalbert.kerangajaibmaster.firebaseinitprovider"
127-->[com.google.firebase:firebase-common:19.2.0] AndroidManifest.xml:21:13-72
128            android:exported="false"
128-->[com.google.firebase:firebase-common:19.2.0] AndroidManifest.xml:22:13-37
129            android:initOrder="100" />
129-->[com.google.firebase:firebase-common:19.2.0] AndroidManifest.xml:23:13-36
130
131        <activity
131-->[com.google.android.gms:play-services-base:17.0.0] AndroidManifest.xml:23:9-26:75
132            android:name="com.google.android.gms.common.api.GoogleApiActivity"
132-->[com.google.android.gms:play-services-base:17.0.0] AndroidManifest.xml:24:13-79
133            android:exported="false"
133-->[com.google.android.gms:play-services-base:17.0.0] AndroidManifest.xml:25:13-37
134            android:theme="@android:style/Theme.Translucent.NoTitleBar" />
134-->[com.google.android.gms:play-services-base:17.0.0] AndroidManifest.xml:26:13-72
135
136        <meta-data
136-->[com.google.android.gms:play-services-basement:17.0.0] AndroidManifest.xml:23:9-25:69
137            android:name="com.google.android.gms.version"
137-->[com.google.android.gms:play-services-basement:17.0.0] AndroidManifest.xml:24:13-58
138            android:value="@integer/google_play_services_version" />
138-->[com.google.android.gms:play-services-basement:17.0.0] AndroidManifest.xml:25:13-66
139    </application>
140
141</manifest>